<?xml version="1.0" encoding="UTF-8"?>
<testsuite xmlns:xsi="http://www.w3.org/2001/XMLSchema-instance" xsi:noNamespaceSchemaLocation="https://maven.apache.org/surefire/maven-surefire-plugin/xsd/surefire-test-report-3.0.xsd" version="3.0" name="com.emplmgt.service.ExcelImportServiceTest" time="0.843" tests="10" errors="0" skipped="0" failures="0">
  <properties>
[...]
</properties>
  <testcase name="unknownEmployeeCodeGivesStructuredError" classname="com.emplmgt.service.ExcelImportServiceTest" time="0.191">
    <system-out><![CDATA[12:51:36.803 [main] INFO com.emplmgt.service.ExcelImportService -- Excel parse [unknown.xlsx]: selected sheet [Data], detected header row (1-based) 1, 3 column(s), headers [Employee ID, Date, Type]
12:51:36.817 [main] INFO com.emplmgt.service.ExcelImportService -- Excel parse [7e5c7062-0656-436a-ab39-a447c6a8ccdf-unknown.xlsx]: selected sheet [Data], detected header row (1-based) 1, 3 column(s), headers [Employee ID, Date, Type]
12:51:36.818 [main] INFO com.emplmgt.service.ExcelImportService -- Excel preview [importId=7]: date column [Date] parsed using ANY convention
12:51:36.823 [main] INFO com.emplmgt.service.ExcelImportService -- Excel preview [importId=7]: total=1, valid=0, invalid=1, duplicate=0
12:51:36.837 [main] INFO com.emplmgt.service.ExcelImportService -- Excel parse [7e5c7062-0656-436a-ab39-a447c6a8ccdf-unknown.xlsx]: selected sheet [Data], detected header row (1-based) 1, 3 column(s), headers [Employee ID, Date, Type]
]]></system-out>
  </testcase>
  <testcase name="ignoresCoverSheetAndReadsDataSheet" classname="com.emplmgt.service.ExcelImportServiceTest" time="0.042">
    <system-out><![CDATA[12:51:36.865 [main] INFO com.emplmgt.service.ExcelImportService -- Excel parse [multi.xlsx]: selected sheet [Data], detected header row (1-based) 1, 3 column(s), headers [Employee ID, Date, Type]
12:51:36.874 [main] INFO com.emplmgt.service.ExcelImportService -- Excel parse [e95fd161-c423-4c41-9102-673362f6152a-multi.xlsx]: selected sheet [Data], detected header row (1-based) 1, 3 column(s), headers [Employee ID, Date, Type]
12:51:36.874 [main] INFO com.emplmgt.service.ExcelImportService -- Excel preview [importId=7]: date column [Date] parsed using ANY convention
12:51:36.876 [main] INFO com.emplmgt.service.ExcelImportService -- Excel preview [importId=7]: total=1, valid=1, invalid=0, duplicate=0
12:51:36.885 [main] INFO com.emplmgt.service.ExcelImportService -- Excel parse [e95fd161-c423-4c41-9102-673362f6152a-multi.xlsx]: selected sheet [Data], detected header row (1-based) 1, 3 column(s), headers [Employee ID, Date, Type]
]]></system-out>
  </testcase>
  <testcase name="ddMmConventionIsNotMisread" classname="com.emplmgt.service.ExcelImportServiceTest" time="0.046">
    <system-out><![CDATA[12:51:36.910 [main] INFO com.emplmgt.service.ExcelImportService -- Excel parse [family.xlsx]: selected sheet [Data], detected header row (1-based) 1, 3 column(s), headers [Employee ID, Date, Type]
12:51:36.919 [main] INFO com.emplmgt.service.ExcelImportService -- Excel parse [7563c1f3-fa1f-4bc6-9c55-f060928d90eb-family.xlsx]: selected sheet [Data], detected header row (1-based) 1, 3 column(s), headers [Employee ID, Date, Type]
12:51:36.920 [main] INFO com.emplmgt.service.ExcelImportService -- Excel preview [importId=7]: date column [Date] parsed using DD_MM convention
12:51:36.921 [main] INFO com.emplmgt.service.ExcelImportService -- Excel preview [importId=7]: total=1, valid=1, invalid=0, duplicate=0
12:51:36.931 [main] INFO com.emplmgt.service.ExcelImportService -- Excel parse [7563c1f3-fa1f-4bc6-9c55-f060928d90eb-family.xlsx]: selected sheet [Data], detected header row (1-based) 1, 3 column(s), headers [Employee ID, Date, Type]
]]></system-out>
  </testcase>
  <testcase name="alphanumericEmployeeCodeResolves" classname="com.emplmgt.service.ExcelImportServiceTest" time="0.039">
    <system-out><![CDATA[12:51:36.952 [main] INFO com.emplmgt.service.ExcelImportService -- Excel parse [alpha.xlsx]: selected sheet [Data], detected header row (1-based) 1, 2 column(s), headers [Emp Code, Date]
12:51:36.961 [main] INFO com.emplmgt.service.ExcelImportService -- Excel parse [08303516-6b6f-4b41-bc3d-4468046a5dd8-alpha.xlsx]: selected sheet [Data], detected header row (1-based) 1, 2 column(s), headers [Emp Code, Date]
12:51:36.961 [main] INFO com.emplmgt.service.ExcelImportService -- Excel preview [importId=7]: date column [Date] parsed using ANY convention
12:51:36.962 [main] INFO com.emplmgt.service.ExcelImportService -- Excel preview [importId=7]: total=1, valid=1, invalid=0, duplicate=0
12:51:36.972 [main] INFO com.emplmgt.service.ExcelImportService -- Excel parse [08303516-6b6f-4b41-bc3d-4468046a5dd8-alpha.xlsx]: selected sheet [Data], detected header row (1-based) 1, 2 column(s), headers [Emp Code, Date]
]]></system-out>
  </testcase>
  <testcase name="importsRealWorldLongFormatWithTitleRowAndTextDates" classname="com.emplmgt.service.ExcelImportServiceTest" time="0.047">
    <system-out><![CDATA[12:51:36.996 [main] INFO com.emplmgt.service.ExcelImportService -- Excel parse [att.xlsx]: selected sheet [Data], detected header row (1-based) 2, 4 column(s), headers [Employee ID, Employee Name, Date, Type]
12:51:37.005 [main] INFO com.emplmgt.service.ExcelImportService -- Excel parse [350d70fa-b24c-4491-8d69-575af28294e3-att.xlsx]: selected sheet [Data], detected header row (1-based) 2, 4 column(s), headers [Employee ID, Employee Name, Date, Type]
12:51:37.006 [main] INFO com.emplmgt.service.ExcelImportService -- Excel preview [importId=7]: date column [Date] parsed using ANY convention
12:51:37.008 [main] INFO com.emplmgt.service.ExcelImportService -- Excel preview [importId=7]: total=3, valid=3, invalid=0, duplicate=0
12:51:37.018 [main] INFO com.emplmgt.service.ExcelImportService -- Excel parse [350d70fa-b24c-4491-8d69-575af28294e3-att.xlsx]: selected sheet [Data], detected header row (1-based) 2, 4 column(s), headers [Employee ID, Employee Name, Date, Type]
]]></system-out>
  </testcase>
  <testcase name="parsesCommonTextAndNumericDateFormats" classname="com.emplmgt.service.ExcelImportServiceTest" time="0.285">
    <system-out><![CDATA[12:51:37.046 [main] INFO com.emplmgt.service.ExcelImportService -- Excel parse [d.xlsx]: selected sheet [Data], detected header row (1-based) 1, 3 column(s), headers [Employee ID, Date, Type]
12:51:37.056 [main] INFO com.emplmgt.service.ExcelImportService -- Excel parse [9708862e-c3ea-49fd-8947-57822289c82a-d.xlsx]: selected sheet [Data], detected header row (1-based) 1, 3 column(s), headers [Employee ID, Date, Type]
12:51:37.056 [main] INFO com.emplmgt.service.ExcelImportService -- Excel preview [importId=7]: date column [Date] parsed using ANY convention
12:51:37.057 [main] INFO com.emplmgt.service.ExcelImportService -- Excel preview [importId=7]: total=1, valid=1, invalid=0, duplicate=0
12:51:37.066 [main] INFO com.emplmgt.service.ExcelImportService -- Excel parse [9708862e-c3ea-49fd-8947-57822289c82a-d.xlsx]: selected sheet [Data], detected header row (1-based) 1, 3 column(s), headers [Employee ID, Date, Type]
12:51:37.083 [main] INFO com.emplmgt.service.ExcelImportService -- Excel parse [d.xlsx]: selected sheet [Data], detected header row (1-based) 1, 3 column(s), headers [Employee ID, Date, Type]
12:51:37.090 [main] INFO com.emplmgt.service.ExcelImportService -- Excel parse [fd8d1107-7ac2-4d6d-b4fa-c1052570a63e-d.xlsx]: selected sheet [Data], detected header row (1-based) 1, 3 column(s), headers [Employee ID, Date, Type]
12:51:37.091 [main] INFO com.emplmgt.service.ExcelImportService -- Excel preview [importId=7]: date column [Date] parsed using ANY convention
12:51:37.091 [main] INFO com.emplmgt.service.ExcelImportService -- Excel preview [importId=7]: total=1, valid=1, invalid=0, duplicate=0
12:51:37.099 [main] INFO com.emplmgt.service.ExcelImportService -- Excel parse [fd8d1107-7ac2-4d6d-b4fa-c1052570a63e-d.xlsx]: selected sheet [Data], detected header row (1-based) 1, 3 column(s), headers [Employee ID, Date, Type]
12:51:37.116 [main] INFO com.emplmgt.service.ExcelImportService -- Excel parse [d.xlsx]: selected sheet [Data], detected header row (1-based) 1, 3 column(s), headers [Employee ID, Date, Type]
12:51:37.124 [main] INFO com.emplmgt.service.ExcelImportService -- Excel parse [d7faab95-4c75-43ad-b271-3155da964bed-d.xlsx]: selected sheet [Data], detected header row (1-based) 1, 3 column(s), headers [Employee ID, Date, Type]
12:51:37.125 [main] INFO com.emplmgt.service.ExcelImportService -- Excel preview [importId=7]: date column [Date] parsed using ANY convention
12:51:37.126 [main] INFO com.emplmgt.service.ExcelImportService -- Excel preview [importId=7]: total=1, valid=1, invalid=0, duplicate=0
12:51:37.136 [main] INFO com.emplmgt.service.ExcelImportService -- Excel parse [d7faab95-4c75-43ad-b271-3155da964bed-d.xlsx]: selected sheet [Data], detected header row (1-based) 1, 3 column(s), headers [Employee ID, Date, Type]
12:51:37.154 [main] INFO com.emplmgt.service.ExcelImportService -- Excel parse [d.xlsx]: selected sheet [Data], detected header row (1-based) 1, 3 column(s), headers [Employee ID, Date, Type]
12:51:37.160 [main] INFO com.emplmgt.service.ExcelImportService -- Excel parse [28d1a278-84e4-44ea-9075-922c00624c20-d.xlsx]: selected sheet [Data], detected header row (1-based) 1, 3 column(s), headers [Employee ID, Date, Type]
12:51:37.161 [main] INFO com.emplmgt.service.ExcelImportService -- Excel preview [importId=7]: date column [Date] parsed using DD_MM convention
12:51:37.162 [main] INFO com.emplmgt.service.ExcelImportService -- Excel preview [importId=7]: total=1, valid=1, invalid=0, duplicate=0
12:51:37.168 [main] INFO com.emplmgt.service.ExcelImportService -- Excel parse [28d1a278-84e4-44ea-9075-922c00624c20-d.xlsx]: selected sheet [Data], detected header row (1-based) 1, 3 column(s), headers [Employee ID, Date, Type]
12:51:37.183 [main] INFO com.emplmgt.service.ExcelImportService -- Excel parse [d.xlsx]: selected sheet [Data], detected header row (1-based) 1, 3 column(s), headers [Employee ID, Date, Type]
12:51:37.190 [main] INFO com.emplmgt.service.ExcelImportService -- Excel parse [4cad73ea-8e65-4e8f-b301-76a79b00e9e2-d.xlsx]: selected sheet [Data], detected header row (1-based) 1, 3 column(s), headers [Employee ID, Date, Type]
12:51:37.190 [main] INFO com.emplmgt.service.ExcelImportService -- Excel preview [importId=7]: date column [Date] parsed using DD_MM convention
12:51:37.191 [main] INFO com.emplmgt.service.ExcelImportService -- Excel preview [importId=7]: total=1, valid=1, invalid=0, duplicate=0
12:51:37.199 [main] INFO com.emplmgt.service.ExcelImportService -- Excel parse [4cad73ea-8e65-4e8f-b301-76a79b00e9e2-d.xlsx]: selected sheet [Data], detected header row (1-based) 1, 3 column(s), headers [Employee ID, Date, Type]
12:51:37.214 [main] INFO com.emplmgt.service.ExcelImportService -- Excel parse [d.xlsx]: selected sheet [Data], detected header row (1-based) 1, 3 column(s), headers [Employee ID, Date, Type]
12:51:37.223 [main] INFO com.emplmgt.service.ExcelImportService -- Excel parse [5fd0c6e6-3f34-4711-8142-ff3331017aea-d.xlsx]: selected sheet [Data], detected header row (1-based) 1, 3 column(s), headers [Employee ID, Date, Type]
12:51:37.223 [main] INFO com.emplmgt.service.ExcelImportService -- Excel preview [importId=7]: date column [Date] parsed using DD_MM convention
12:51:37.224 [main] INFO com.emplmgt.service.ExcelImportService -- Excel preview [importId=7]: total=1, valid=1, invalid=0, duplicate=0
12:51:37.233 [main] INFO com.emplmgt.service.ExcelImportService -- Excel parse [5fd0c6e6-3f34-4711-8142-ff3331017aea-d.xlsx]: selected sheet [Data], detected header row (1-based) 1, 3 column(s), headers [Employee ID, Date, Type]
12:51:37.255 [main] INFO com.emplmgt.service.ExcelImportService -- Excel parse [d.xlsx]: selected sheet [Data], detected header row (1-based) 1, 3 column(s), headers [Employee ID, Date, Type]
12:51:37.264 [main] INFO com.emplmgt.service.ExcelImportService -- Excel parse [89f053e0-7bba-46ee-b4e4-6a43e30b52f9-d.xlsx]: selected sheet [Data], detected header row (1-based) 1, 3 column(s), headers [Employee ID, Date, Type]
12:51:37.264 [main] INFO com.emplmgt.service.ExcelImportService -- Excel preview [importId=7]: date column [Date] parsed using ANY convention
12:51:37.265 [main] INFO com.emplmgt.service.ExcelImportService -- Excel preview [importId=7]: total=1, valid=1, invalid=0, duplicate=0
12:51:37.272 [main] INFO com.emplmgt.service.ExcelImportService -- Excel parse [89f053e0-7bba-46ee-b4e4-6a43e30b52f9-d.xlsx]: selected sheet [Data], detected header row (1-based) 1, 3 column(s), headers [Employee ID, Date, Type]
12:51:37.289 [main] INFO com.emplmgt.service.ExcelImportService -- Excel parse [d.xlsx]: selected sheet [Data], detected header row (1-based) 1, 3 column(s), headers [Employee ID, Date, Type]
12:51:37.297 [main] INFO com.emplmgt.service.ExcelImportService -- Excel parse [bcf921e0-3564-4b2f-8b87-346957a52941-d.xlsx]: selected sheet [Data], detected header row (1-based) 1, 3 column(s), headers [Employee ID, Date, Type]
12:51:37.297 [main] INFO com.emplmgt.service.ExcelImportService -- Excel preview [importId=7]: date column [Date] parsed using ANY convention
12:51:37.298 [main] INFO com.emplmgt.service.ExcelImportService -- Excel preview [importId=7]: total=1, valid=1, invalid=0, duplicate=0
12:51:37.306 [main] INFO com.emplmgt.service.ExcelImportService -- Excel parse [bcf921e0-3564-4b2f-8b87-346957a52941-d.xlsx]: selected sheet [Data], detected header row (1-based) 1, 3 column(s), headers [Employee ID, Date, Type]
]]></system-out>
  </testcase>
  <testcase name="duplicateInFileAndDuplicateInDbAreFlagged" classname="com.emplmgt.service.ExcelImportServiceTest" time="0.059">
    <system-out><![CDATA[12:51:37.324 [main] INFO com.emplmgt.service.ExcelImportService -- Excel parse [dupfile.xlsx]: selected sheet [Data], detected header row (1-based) 1, 3 column(s), headers [Employee ID, Date, Type]
12:51:37.330 [main] INFO com.emplmgt.service.ExcelImportService -- Excel parse [7c5341bf-660a-4241-947e-979d3fbf13de-dupfile.xlsx]: selected sheet [Data], detected header row (1-based) 1, 3 column(s), headers [Employee ID, Date, Type]
12:51:37.330 [main] INFO com.emplmgt.service.ExcelImportService -- Excel preview [importId=7]: date column [Date] parsed using ANY convention
12:51:37.332 [main] INFO com.emplmgt.service.ExcelImportService -- Excel preview [importId=7]: total=2, valid=1, invalid=0, duplicate=1
12:51:37.339 [main] INFO com.emplmgt.service.ExcelImportService -- Excel parse [7c5341bf-660a-4241-947e-979d3fbf13de-dupfile.xlsx]: selected sheet [Data], detected header row (1-based) 1, 3 column(s), headers [Employee ID, Date, Type]
12:51:37.352 [main] INFO com.emplmgt.service.ExcelImportService -- Excel parse [dupdb.xlsx]: selected sheet [Data], detected header row (1-based) 1, 3 column(s), headers [Employee ID, Date, Type]
12:51:37.359 [main] INFO com.emplmgt.service.ExcelImportService -- Excel parse [307e5681-4e95-415d-b9ef-9b3ca38b2e4d-dupdb.xlsx]: selected sheet [Data], detected header row (1-based) 1, 3 column(s), headers [Employee ID, Date, Type]
12:51:37.359 [main] INFO com.emplmgt.service.ExcelImportService -- Excel preview [importId=7]: date column [Date] parsed using ANY convention
12:51:37.360 [main] INFO com.emplmgt.service.ExcelImportService -- Excel preview [importId=7]: total=1, valid=0, invalid=0, duplicate=1
12:51:37.366 [main] INFO com.emplmgt.service.ExcelImportService -- Excel parse [307e5681-4e95-415d-b9ef-9b3ca38b2e4d-dupdb.xlsx]: selected sheet [Data], detected header row (1-based) 1, 3 column(s), headers [Employee ID, Date, Type]
]]></system-out>
  </testcase>
  <testcase name="footerRowsAreReportedNotSilentlySkipped" classname="com.emplmgt.service.ExcelImportServiceTest" time="0.053">
    <system-out><![CDATA[12:51:37.390 [main] INFO com.emplmgt.service.ExcelImportService -- Excel parse [footer.xlsx]: selected sheet [Data], detected header row (1-based) 1, 3 column(s), headers [Employee ID, Date, Type]
12:51:37.397 [main] INFO com.emplmgt.service.ExcelImportService -- Excel parse [6dcf7285-6c8e-47d8-b3c3-9b0e8001847c-footer.xlsx]: selected sheet [Data], detected header row (1-based) 1, 3 column(s), headers [Employee ID, Date, Type]
12:51:37.397 [main] INFO com.emplmgt.service.ExcelImportService -- Excel preview [importId=7]: date column [Date] parsed using ANY convention
12:51:37.399 [main] INFO com.emplmgt.service.ExcelImportService -- Excel preview [importId=7]: total=2, valid=1, invalid=1, duplicate=0
12:51:37.407 [main] INFO com.emplmgt.service.ExcelImportService -- Excel parse [6dcf7285-6c8e-47d8-b3c3-9b0e8001847c-footer.xlsx]: selected sheet [Data], detected header row (1-based) 1, 3 column(s), headers [Employee ID, Date, Type]
]]></system-out>
  </testcase>
  <testcase name="commitWithNoValidRowsIsRejected" classname="com.emplmgt.service.ExcelImportServiceTest" time="0.037">
    <system-out><![CDATA[12:51:37.439 [main] INFO com.emplmgt.service.ExcelImportService -- Excel parse [none.xlsx]: selected sheet [Data], detected header row (1-based) 1, 3 column(s), headers [Employee ID, Date, Type]
12:51:37.445 [main] INFO com.emplmgt.service.ExcelImportService -- Excel parse [241a8527-6317-47e4-bd10-78bec86fb546-none.xlsx]: selected sheet [Data], detected header row (1-based) 1, 3 column(s), headers [Employee ID, Date, Type]
12:51:37.445 [main] INFO com.emplmgt.service.ExcelImportService -- Excel preview [importId=7]: date column [Date] parsed using ANY convention
12:51:37.448 [main] INFO com.emplmgt.service.ExcelImportService -- Excel preview [importId=7]: total=1, valid=0, invalid=1, duplicate=0
12:51:37.456 [main] INFO com.emplmgt.service.ExcelImportService -- Excel parse [241a8527-6317-47e4-bd10-78bec86fb546-none.xlsx]: selected sheet [Data], detected header row (1-based) 1, 3 column(s), headers [Employee ID, Date, Type]
]]></system-out>
  </testcase>
  <testcase name="reportsUnrecognisedDateFormatAsInvalid" classname="com.emplmgt.service.ExcelImportServiceTest" time="0.036">
    <system-out><![CDATA[12:51:37.474 [main] INFO com.emplmgt.service.ExcelImportService -- Excel parse [bad.xlsx]: selected sheet [Data], detected header row (1-based) 1, 3 column(s), headers [Employee ID, Date, Type]
12:51:37.481 [main] INFO com.emplmgt.service.ExcelImportService -- Excel parse [7b194565-194a-4470-a119-561ba24eade6-bad.xlsx]: selected sheet [Data], detected header row (1-based) 1, 3 column(s), headers [Employee ID, Date, Type]
12:51:37.481 [main] INFO com.emplmgt.service.ExcelImportService -- Excel preview [importId=7]: date column [Date] parsed using ANY convention
12:51:37.484 [main] INFO com.emplmgt.service.ExcelImportService -- Excel preview [importId=7]: total=1, valid=0, invalid=1, duplicate=0
12:51:37.493 [main] INFO com.emplmgt.service.ExcelImportService -- Excel parse [7b194565-194a-4470-a119-561ba24eade6-bad.xlsx]: selected sheet [Data], detected header row (1-based) 1, 3 column(s), headers [Employee ID, Date, Type]
]]></system-out>
  </testcase>
</testsuite>