<?xml version="1.0" encoding="UTF-8"?>
<testsuite xmlns:xsi="http://www.w3.org/2001/XMLSchema-instance" xsi:noNamespaceSchemaLocation="https://maven.apache.org/surefire/maven-surefire-plugin/xsd/surefire-test-report-3.0.xsd" version="3.0" name="com.emplmgt.util.HistoricalImportCodesTest" time="0.003" tests="5" errors="0" skipped="0" failures="0">
  <properties>
[...]
</properties>
  <testcase name="returnsNullForNullAndBlank" classname="com.emplmgt.util.HistoricalImportCodesTest" time="0.001"/>
  <testcase name="mapsAttritionFamilyToATR" classname="com.emplmgt.util.HistoricalImportCodesTest" time="0.0"/>
  <testcase name="returnsNullForFillerTokens" classname="com.emplmgt.util.HistoricalImportCodesTest" time="0.001"/>
  <testcase name="preservesUnknownValuesWithoutSilentConversion" classname="com.emplmgt.util.HistoricalImportCodesTest" time="0.0"/>
  <testcase name="trimsAndNormalizesCaseAndSpace" classname="com.emplmgt.util.HistoricalImportCodesTest" time="0.001"/>
</testsuite>