<?xml version="1.0" encoding="UTF-8"?>
<testsuite xmlns:xsi="http://www.w3.org/2001/XMLSchema-instance" xsi:noNamespaceSchemaLocation="https://maven.apache.org/surefire/maven-surefire-plugin/xsd/surefire-test-report-3.0.xsd" version="3.0" name="com.emplmgt.service.ExcelImportReproTest" time="3.134" tests="7" errors="0" skipped="0" failures="0">
  <properties>
[...]
</properties>
  <testcase name="d_statusNormalization" classname="com.emplmgt.service.ExcelImportReproTest" time="2.358">
    <system-out><![CDATA[
=================== D status normalization ===================
12:46:09.670 [main] INFO com.emplmgt.service.ExcelImportService -- Excel parse [s.xlsx]: selected sheet [A], detected header row (1-based) 1, 3 column(s), headers [Employee ID, Date, Type]
headers=[Employee ID, Date, Type]
suggestedMapping={Employee ID=employeeCode, Date=attendanceDate, Type=attendanceType}
  col[0] = [Employee ID]
  col[1] = [Date]
  col[2] = [Type]
mapping={employeeCode=Employee ID, attendanceDate=Date, attendanceType=Type}
12:46:09.716 [main] INFO com.emplmgt.service.ExcelImportService -- Excel parse [99b7e056-cbbc-413f-a0eb-72442a31b454-s.xlsx]: selected sheet [A], detected header row (1-based) 1, 3 column(s), headers [Employee ID, Date, Type]
12:46:09.721 [main] INFO com.emplmgt.service.ExcelImportService -- Excel preview [importId=7]: date column [Date] parsed using ANY convention
12:46:09.776 [main] INFO com.emplmgt.service.ExcelImportService -- Excel preview [importId=7]: total=16, valid=13, invalid=3, duplicate=0
12:46:09.832 [main] INFO com.emplmgt.service.ExcelImportService -- Excel parse [99b7e056-cbbc-413f-a0eb-72442a31b454-s.xlsx]: selected sheet [A], detected header row (1-based) 1, 3 column(s), headers [Employee ID, Date, Type]
status=READY total=16 valid=13 invalid=3 duplicate=0
  row#2 status=VALID data={Employee ID=25104925, Date=01-Sep-2025, Type=WFO}
      errors=[]
  row#3 status=VALID data={Employee ID=25104925, Date=02-Sep-2025, Type=Work From Office}
      errors=[]
  row#4 status=VALID data={Employee ID=25104925, Date=03-Sep-2025, Type=WFH}
      errors=[]
  row#5 status=VALID data={Employee ID=25104925, Date=04-Sep-2025, Type=Work from Home}
      errors=[]
  row#6 status=VALID data={Employee ID=25104925, Date=05-Sep-2025, Type=SL}
      errors=[]
  row#7 status=VALID data={Employee ID=25104925, Date=06-Sep-2025, Type=PL}
      errors=[]
  row#8 status=VALID data={Employee ID=25104925, Date=07-Sep-2025, Type=CO}
      errors=[]
  row#9 status=VALID data={Employee ID=25104925, Date=08-Sep-2025, Type=WO}
      errors=[]
  row#10 status=VALID data={Employee ID=25104925, Date=09-Sep-2025, Type=HPE HOLIDAY}
      errors=[]
  row#11 status=VALID data={Employee ID=25104925, Date=10-Sep-2025, Type=ATR2}
      errors=[]
  row#12 status=VALID data={Employee ID=25104925, Date=11-Sep-2025, Type=P}
      errors=[]
  row#13 status=VALID data={Employee ID=25104925, Date=12-Sep-2025, Type=Present}
      errors=[]
  row#14 status=VALID data={Employee ID=25104925, Date=13-Sep-2025, Type=Remote}
      errors=[]
  row#15 status=INVALID data={Employee ID=25104925, Date=14-Sep-2025, Type=PTO}
      errors=[Unrecognised attendance type: PTO]
  row#16 status=INVALID data={Employee ID=25104925, Date=15-Sep-2025, Type=Vacation}
      errors=[Unrecognised attendance type: Vacation]
  row#17 status=INVALID data={Employee ID=25104925, Date=16-Sep-2025, Type=X}
      errors=[Unrecognised attendance type: X]
COMMIT status=IMPORTED total=16 valid=13 imported=13
]]></system-out>
  </testcase>
  <testcase name="a_cleanLongFormat" classname="com.emplmgt.service.ExcelImportReproTest" time="0.083">
    <system-out><![CDATA[
=================== A clean long-format (title row + header + 3 rows) ===================
12:46:09.905 [main] INFO com.emplmgt.service.ExcelImportService -- Excel parse [attendance.xlsx]: selected sheet [Attendance], detected header row (1-based) 2, 5 column(s), headers [Employee ID, Employee Name, Date, Type, Remarks]
headers=[Employee ID, Employee Name, Date, Type, Remarks]
suggestedMapping={Employee ID=employeeCode, Date=attendanceDate, Type=attendanceType, Remarks=remarks}
  col[0] = [Employee ID]
  col[1] = [Employee Name]
  col[2] = [Date]
  col[3] = [Type]
  col[4] = [Remarks]
mapping={employeeCode=Employee ID, attendanceDate=Date, attendanceType=Type}
12:46:09.921 [main] INFO com.emplmgt.service.ExcelImportService -- Excel parse [5e36e5f6-d8ef-455d-b8e2-d739a7d320e0-attendance.xlsx]: selected sheet [Attendance], detected header row (1-based) 2, 5 column(s), headers [Employee ID, Employee Name, Date, Type, Remarks]
12:46:09.922 [main] INFO com.emplmgt.service.ExcelImportService -- Excel preview [importId=7]: date column [Date] parsed using ANY convention
12:46:09.924 [main] INFO com.emplmgt.service.ExcelImportService -- Excel preview [importId=7]: total=3, valid=3, invalid=0, duplicate=0
12:46:09.941 [main] INFO com.emplmgt.service.ExcelImportService -- Excel parse [5e36e5f6-d8ef-455d-b8e2-d739a7d320e0-attendance.xlsx]: selected sheet [Attendance], detected header row (1-based) 2, 5 column(s), headers [Employee ID, Employee Name, Date, Type, Remarks]
status=READY total=3 valid=3 invalid=0 duplicate=0
  row#3 status=VALID data={Employee ID=25104925, Employee Name=Asha Patel, Date=01-Sep-2025, Type=WFO, Remarks=ok}
      errors=[]
  row#4 status=VALID data={Employee ID=25104930, Employee Name=Ravi Kumar, Date=01-Sep-2025, Type=WFH, Remarks=}
      errors=[]
  row#5 status=VALID data={Employee ID=25104925, Employee Name=Asha Patel, Date=02-Sep-2025, Type=SL, Remarks=cold}
      errors=[]
COMMIT status=IMPORTED total=3 valid=3 imported=3
]]></system-out>
  </testcase>
  <testcase name="c_footerAndUnknownCode" classname="com.emplmgt.service.ExcelImportReproTest" time="0.078">
    <system-out><![CDATA[
=================== C footer rows + unknown code ===================
12:46:09.983 [main] INFO com.emplmgt.service.ExcelImportService -- Excel parse [footer.xlsx]: selected sheet [A], detected header row (1-based) 1, 3 column(s), headers [Employee ID, Date, Type]
headers=[Employee ID, Date, Type]
suggestedMapping={Employee ID=employeeCode, Date=attendanceDate, Type=attendanceType}
  col[0] = [Employee ID]
  col[1] = [Date]
  col[2] = [Type]
mapping={employeeCode=Employee ID, attendanceDate=Date, attendanceType=Type}
12:46:09.998 [main] INFO com.emplmgt.service.ExcelImportService -- Excel parse [732841a6-d2b6-4faf-9df2-605e813a3d71-footer.xlsx]: selected sheet [A], detected header row (1-based) 1, 3 column(s), headers [Employee ID, Date, Type]
12:46:09.998 [main] INFO com.emplmgt.service.ExcelImportService -- Excel preview [importId=7]: date column [Date] parsed using ANY convention
12:46:10.005 [main] INFO com.emplmgt.service.ExcelImportService -- Excel preview [importId=7]: total=4, valid=1, invalid=3, duplicate=0
12:46:10.021 [main] INFO com.emplmgt.service.ExcelImportService -- Excel parse [732841a6-d2b6-4faf-9df2-605e813a3d71-footer.xlsx]: selected sheet [A], detected header row (1-based) 1, 3 column(s), headers [Employee ID, Date, Type]
status=READY total=4 valid=1 invalid=3 duplicate=0
  row#2 status=VALID data={Employee ID=25104925, Date=01-Sep-2025, Type=WFO}
      errors=[]
  row#3 status=INVALID data={Employee ID=25104999, Date=01-Sep-2025, Type=WFO}
      errors=[Unknown employee code: 25104999]
  row#4 status=INVALID data={Employee ID=Generated by HR system, Date=null, Type=null}
      errors=[Attendance date is missing, Attendance type is missing, Unknown employee code: Generated by HR system]
  row#5 status=INVALID data={Employee ID=Total, Date=3, Type=null}
      errors=[Unrecognised date format: 3, Attendance type is missing, Unknown employee code: Total]
COMMIT status=IMPORTED total=4 valid=1 imported=1
]]></system-out>
  </testcase>
  <testcase name="b_textDateFormatVariants" classname="com.emplmgt.service.ExcelImportReproTest" time="0.361">
    <system-out><![CDATA[
=================== B date value [01-Sep-2025] ===================
12:46:10.055 [main] INFO com.emplmgt.service.ExcelImportService -- Excel parse [d.xlsx]: selected sheet [A], detected header row (1-based) 1, 3 column(s), headers [Employee ID, Date, Type]
headers=[Employee ID, Date, Type]
suggestedMapping={Employee ID=employeeCode, Date=attendanceDate, Type=attendanceType}
  col[0] = [Employee ID]
  col[1] = [Date]
  col[2] = [Type]
mapping={employeeCode=Employee ID, attendanceDate=Date, attendanceType=Type}
12:46:10.065 [main] INFO com.emplmgt.service.ExcelImportService -- Excel parse [b99a61c1-4793-456b-bb74-8bf8f8a0068c-d.xlsx]: selected sheet [A], detected header row (1-based) 1, 3 column(s), headers [Employee ID, Date, Type]
12:46:10.066 [main] INFO com.emplmgt.service.ExcelImportService -- Excel preview [importId=7]: date column [Date] parsed using ANY convention
12:46:10.067 [main] INFO com.emplmgt.service.ExcelImportService -- Excel preview [importId=7]: total=1, valid=1, invalid=0, duplicate=0
12:46:10.082 [main] INFO com.emplmgt.service.ExcelImportService -- Excel parse [b99a61c1-4793-456b-bb74-8bf8f8a0068c-d.xlsx]: selected sheet [A], detected header row (1-based) 1, 3 column(s), headers [Employee ID, Date, Type]
status=READY total=1 valid=1 invalid=0 duplicate=0
  row#2 status=VALID data={Employee ID=25104925, Date=01-Sep-2025, Type=WFO}
      errors=[]
COMMIT status=IMPORTED total=1 valid=1 imported=1

=================== B date value [1-Sep-25] ===================
12:46:10.105 [main] INFO com.emplmgt.service.ExcelImportService -- Excel parse [d.xlsx]: selected sheet [A], detected header row (1-based) 1, 3 column(s), headers [Employee ID, Date, Type]
headers=[Employee ID, Date, Type]
suggestedMapping={Employee ID=employeeCode, Date=attendanceDate, Type=attendanceType}
  col[0] = [Employee ID]
  col[1] = [Date]
  col[2] = [Type]
mapping={employeeCode=Employee ID, attendanceDate=Date, attendanceType=Type}
12:46:10.123 [main] INFO com.emplmgt.service.ExcelImportService -- Excel parse [83116c1a-44e3-4cab-85e8-9bda3c671707-d.xlsx]: selected sheet [A], detected header row (1-based) 1, 3 column(s), headers [Employee ID, Date, Type]
12:46:10.123 [main] INFO com.emplmgt.service.ExcelImportService -- Excel preview [importId=7]: date column [Date] parsed using ANY convention
12:46:10.126 [main] INFO com.emplmgt.service.ExcelImportService -- Excel preview [importId=7]: total=1, valid=1, invalid=0, duplicate=0
12:46:10.139 [main] INFO com.emplmgt.service.ExcelImportService -- Excel parse [83116c1a-44e3-4cab-85e8-9bda3c671707-d.xlsx]: selected sheet [A], detected header row (1-based) 1, 3 column(s), headers [Employee ID, Date, Type]
status=READY total=1 valid=1 invalid=0 duplicate=0
  row#2 status=VALID data={Employee ID=25104925, Date=1-Sep-25, Type=WFO}
      errors=[]
COMMIT status=IMPORTED total=1 valid=1 imported=1

=================== B date value [Sep 1, 2025] ===================
12:46:10.166 [main] INFO com.emplmgt.service.ExcelImportService -- Excel parse [d.xlsx]: selected sheet [A], detected header row (1-based) 1, 3 column(s), headers [Employee ID, Date, Type]
headers=[Employee ID, Date, Type]
suggestedMapping={Employee ID=employeeCode, Date=attendanceDate, Type=attendanceType}
  col[0] = [Employee ID]
  col[1] = [Date]
  col[2] = [Type]
mapping={employeeCode=Employee ID, attendanceDate=Date, attendanceType=Type}
12:46:10.179 [main] INFO com.emplmgt.service.ExcelImportService -- Excel parse [b804f415-e23a-43a1-8cde-a512d05cc591-d.xlsx]: selected sheet [A], detected header row (1-based) 1, 3 column(s), headers [Employee ID, Date, Type]
12:46:10.179 [main] INFO com.emplmgt.service.ExcelImportService -- Excel preview [importId=7]: date column [Date] parsed using ANY convention
12:46:10.180 [main] INFO com.emplmgt.service.ExcelImportService -- Excel preview [importId=7]: total=1, valid=1, invalid=0, duplicate=0
12:46:10.193 [main] INFO com.emplmgt.service.ExcelImportService -- Excel parse [b804f415-e23a-43a1-8cde-a512d05cc591-d.xlsx]: selected sheet [A], detected header row (1-based) 1, 3 column(s), headers [Employee ID, Date, Type]
status=READY total=1 valid=1 invalid=0 duplicate=0
  row#2 status=VALID data={Employee ID=25104925, Date=Sep 1, 2025, Type=WFO}
      errors=[]
COMMIT status=IMPORTED total=1 valid=1 imported=1

=================== B date value [01.09.2025] ===================
12:46:10.220 [main] INFO com.emplmgt.service.ExcelImportService -- Excel parse [d.xlsx]: selected sheet [A], detected header row (1-based) 1, 3 column(s), headers [Employee ID, Date, Type]
headers=[Employee ID, Date, Type]
suggestedMapping={Employee ID=employeeCode, Date=attendanceDate, Type=attendanceType}
  col[0] = [Employee ID]
  col[1] = [Date]
  col[2] = [Type]
mapping={employeeCode=Employee ID, attendanceDate=Date, attendanceType=Type}
12:46:10.231 [main] INFO com.emplmgt.service.ExcelImportService -- Excel parse [afd5727f-db70-412c-bc56-669500cdd43d-d.xlsx]: selected sheet [A], detected header row (1-based) 1, 3 column(s), headers [Employee ID, Date, Type]
12:46:10.232 [main] INFO com.emplmgt.service.ExcelImportService -- Excel preview [importId=7]: date column [Date] parsed using DD_MM convention
12:46:10.235 [main] INFO com.emplmgt.service.ExcelImportService -- Excel preview [importId=7]: total=1, valid=1, invalid=0, duplicate=0
12:46:10.245 [main] INFO com.emplmgt.service.ExcelImportService -- Excel parse [afd5727f-db70-412c-bc56-669500cdd43d-d.xlsx]: selected sheet [A], detected header row (1-based) 1, 3 column(s), headers [Employee ID, Date, Type]
status=READY total=1 valid=1 invalid=0 duplicate=0
  row#2 status=VALID data={Employee ID=25104925, Date=01.09.2025, Type=WFO}
      errors=[]
COMMIT status=IMPORTED total=1 valid=1 imported=1

=================== B date value [2025-09] ===================
12:46:10.273 [main] INFO com.emplmgt.service.ExcelImportService -- Excel parse [d.xlsx]: selected sheet [A], detected header row (1-based) 1, 3 column(s), headers [Employee ID, Date, Type]
headers=[Employee ID, Date, Type]
suggestedMapping={Employee ID=employeeCode, Date=attendanceDate, Type=attendanceType}
  col[0] = [Employee ID]
  col[1] = [Date]
  col[2] = [Type]
mapping={employeeCode=Employee ID, attendanceDate=Date, attendanceType=Type}
12:46:10.285 [main] INFO com.emplmgt.service.ExcelImportService -- Excel parse [06c190bb-46a8-43ea-9849-0819679939c1-d.xlsx]: selected sheet [A], detected header row (1-based) 1, 3 column(s), headers [Employee ID, Date, Type]
12:46:10.286 [main] INFO com.emplmgt.service.ExcelImportService -- Excel preview [importId=7]: date column [Date] parsed using ANY convention
12:46:10.291 [main] INFO com.emplmgt.service.ExcelImportService -- Excel preview [importId=7]: total=1, valid=0, invalid=1, duplicate=0
12:46:10.302 [main] INFO com.emplmgt.service.ExcelImportService -- Excel parse [06c190bb-46a8-43ea-9849-0819679939c1-d.xlsx]: selected sheet [A], detected header row (1-based) 1, 3 column(s), headers [Employee ID, Date, Type]
status=READY total=1 valid=0 invalid=1 duplicate=0
  row#2 status=INVALID data={Employee ID=25104925, Date=2025-09, Type=WFO}
      errors=[Unrecognised date format: 2025-09]
FAILED -> ApiException: There are no valid rows to import

=================== B date value [01/09/2025] ===================
12:46:10.327 [main] INFO com.emplmgt.service.ExcelImportService -- Excel parse [d.xlsx]: selected sheet [A], detected header row (1-based) 1, 3 column(s), headers [Employee ID, Date, Type]
headers=[Employee ID, Date, Type]
suggestedMapping={Employee ID=employeeCode, Date=attendanceDate, Type=attendanceType}
  col[0] = [Employee ID]
  col[1] = [Date]
  col[2] = [Type]
mapping={employeeCode=Employee ID, attendanceDate=Date, attendanceType=Type}
12:46:10.338 [main] INFO com.emplmgt.service.ExcelImportService -- Excel parse [5b11f5a2-21b5-4e80-85fa-c13ba46d7048-d.xlsx]: selected sheet [A], detected header row (1-based) 1, 3 column(s), headers [Employee ID, Date, Type]
12:46:10.338 [main] INFO com.emplmgt.service.ExcelImportService -- Excel preview [importId=7]: date column [Date] parsed using DD_MM convention
12:46:10.339 [main] INFO com.emplmgt.service.ExcelImportService -- Excel preview [importId=7]: total=1, valid=1, invalid=0, duplicate=0
12:46:10.347 [main] INFO com.emplmgt.service.ExcelImportService -- Excel parse [5b11f5a2-21b5-4e80-85fa-c13ba46d7048-d.xlsx]: selected sheet [A], detected header row (1-based) 1, 3 column(s), headers [Employee ID, Date, Type]
status=READY total=1 valid=1 invalid=0 duplicate=0
  row#2 status=VALID data={Employee ID=25104925, Date=01/09/2025, Type=WFO}
      errors=[]
COMMIT status=IMPORTED total=1 valid=1 imported=1

=================== B date value [1/9/2025] ===================
12:46:10.366 [main] INFO com.emplmgt.service.ExcelImportService -- Excel parse [d.xlsx]: selected sheet [A], detected header row (1-based) 1, 3 column(s), headers [Employee ID, Date, Type]
headers=[Employee ID, Date, Type]
suggestedMapping={Employee ID=employeeCode, Date=attendanceDate, Type=attendanceType}
  col[0] = [Employee ID]
  col[1] = [Date]
  col[2] = [Type]
mapping={employeeCode=Employee ID, attendanceDate=Date, attendanceType=Type}
12:46:10.374 [main] INFO com.emplmgt.service.ExcelImportService -- Excel parse [04ad1b78-47a7-41f2-a2f4-c4a7cb7ac8a6-d.xlsx]: selected sheet [A], detected header row (1-based) 1, 3 column(s), headers [Employee ID, Date, Type]
12:46:10.375 [main] INFO com.emplmgt.service.ExcelImportService -- Excel preview [importId=7]: date column [Date] parsed using DD_MM convention
12:46:10.376 [main] INFO com.emplmgt.service.ExcelImportService -- Excel preview [importId=7]: total=1, valid=1, invalid=0, duplicate=0
12:46:10.383 [main] INFO com.emplmgt.service.ExcelImportService -- Excel parse [04ad1b78-47a7-41f2-a2f4-c4a7cb7ac8a6-d.xlsx]: selected sheet [A], detected header row (1-based) 1, 3 column(s), headers [Employee ID, Date, Type]
status=READY total=1 valid=1 invalid=0 duplicate=0
  row#2 status=VALID data={Employee ID=25104925, Date=1/9/2025, Type=WFO}
      errors=[]
COMMIT status=IMPORTED total=1 valid=1 imported=1
]]></system-out>
  </testcase>
  <testcase name="g_realRosterFiles" classname="com.emplmgt.service.ExcelImportReproTest" time="0.051">
    <system-out><![CDATA[
=================== G real roster sep: 0c64ed6d-a542-4ba0-95fa-ad10dc585f7c-sep.xlsx ===================
12:46:10.407 [main] INFO com.emplmgt.service.ExcelImportService -- Excel parse [0c64ed6d-a542-4ba0-95fa-ad10dc585f7c-sep.xlsx]: selected sheet [Sep 2025], detected header row (1-based) 1, 4 column(s), headers [Emp Code, Emp Name, 2025-09-01, 2025-09-02]
headers=[Emp Code, Emp Name, 2025-09-01, 2025-09-02]
suggestedMapping={Emp Code=employeeCode, 2025-09-01=attendanceDate}
  col[0] = [Emp Code]
  col[1] = [Emp Name]
  col[2] = [2025-09-01]
  col[3] = [2025-09-02]
mapping={employeeCode=Emp Code, attendanceDate=2025-09-01, attendanceType=2025-09-02}
12:46:10.420 [main] INFO com.emplmgt.service.ExcelImportService -- Excel parse [515f0a47-db34-40af-aad4-3391cb60121f-0c64ed6d-a542-4ba0-95fa-ad10dc585f7c-sep.xlsx]: selected sheet [Sep 2025], detected header row (1-based) 1, 4 column(s), headers [Emp Code, Emp Name, 2025-09-01, 2025-09-02]
12:46:10.420 [main] INFO com.emplmgt.service.ExcelImportService -- Excel preview [importId=7]: date column [2025-09-01] parsed using ANY convention
12:46:10.424 [main] INFO com.emplmgt.service.ExcelImportService -- Excel preview [importId=7]: total=2, valid=0, invalid=2, duplicate=0
12:46:10.435 [main] INFO com.emplmgt.service.ExcelImportService -- Excel parse [515f0a47-db34-40af-aad4-3391cb60121f-0c64ed6d-a542-4ba0-95fa-ad10dc585f7c-sep.xlsx]: selected sheet [Sep 2025], detected header row (1-based) 1, 4 column(s), headers [Emp Code, Emp Name, 2025-09-01, 2025-09-02]
status=READY total=2 valid=0 invalid=2 duplicate=0
  row#2 status=INVALID data={Emp Code=E1, Emp Name=Alice, 2025-09-01=WFO, 2025-09-02=WO}
      errors=[Unrecognised date format: WFO, Unknown employee code: E1]
  row#3 status=INVALID data={Emp Code=E2, Emp Name=Bob, 2025-09-01=WFH, 2025-09-02=PL}
      errors=[Unrecognised date format: WFH, Unknown employee code: E2]
FAILED -> ApiException: There are no valid rows to import
]]></system-out>
  </testcase>
  <testcase name="f_multiSheetAndMergedTitle" classname="com.emplmgt.service.ExcelImportReproTest" time="0.091">
    <system-out><![CDATA[
=================== F sheet0=cover, sheet1=data ===================
12:46:10.462 [main] INFO com.emplmgt.service.ExcelImportService -- Excel parse: selected sheet [Data] (header keyword score 3) out of 2 sheet(s) 
12:46:10.462 [main] INFO com.emplmgt.service.ExcelImportService -- Excel parse [multi.xlsx]: selected sheet [Data], detected header row (1-based) 1, 3 column(s), headers [Employee ID, Date, Type]
headers=[Employee ID, Date, Type]
suggestedMapping={Employee ID=employeeCode, Date=attendanceDate, Type=attendanceType}
  col[0] = [Employee ID]
  col[1] = [Date]
  col[2] = [Type]
mapping={employeeCode=Employee ID, attendanceDate=Date, attendanceType=Type}
12:46:10.472 [main] INFO com.emplmgt.service.ExcelImportService -- Excel parse: selected sheet [Data] (header keyword score 3) out of 2 sheet(s) 
12:46:10.472 [main] INFO com.emplmgt.service.ExcelImportService -- Excel parse [a20dec69-914d-4a76-8f76-f50cb9f6d4d1-multi.xlsx]: selected sheet [Data], detected header row (1-based) 1, 3 column(s), headers [Employee ID, Date, Type]
12:46:10.472 [main] INFO com.emplmgt.service.ExcelImportService -- Excel preview [importId=7]: date column [Date] parsed using ANY convention
12:46:10.473 [main] INFO com.emplmgt.service.ExcelImportService -- Excel preview [importId=7]: total=1, valid=1, invalid=0, duplicate=0
12:46:10.492 [main] INFO com.emplmgt.service.ExcelImportService -- Excel parse: selected sheet [Data] (header keyword score 3) out of 2 sheet(s) 
12:46:10.493 [main] INFO com.emplmgt.service.ExcelImportService -- Excel parse [a20dec69-914d-4a76-8f76-f50cb9f6d4d1-multi.xlsx]: selected sheet [Data], detected header row (1-based) 1, 3 column(s), headers [Employee ID, Date, Type]
status=READY total=1 valid=1 invalid=0 duplicate=0
  row#2 status=VALID data={Employee ID=25104925, Date=01-Sep-2025, Type=WFO}
      errors=[]
COMMIT status=IMPORTED total=1 valid=1 imported=1

=================== F2 header only (merged/blank filler rows above) ===================
12:46:10.512 [main] INFO com.emplmgt.service.ExcelImportService -- Excel parse [gap.xlsx]: selected sheet [A], detected header row (1-based) 3, 3 column(s), headers [Employee ID, Date, Type]
headers=[Employee ID, Date, Type]
suggestedMapping={Employee ID=employeeCode, Date=attendanceDate, Type=attendanceType}
  col[0] = [Employee ID]
  col[1] = [Date]
  col[2] = [Type]
mapping={employeeCode=Employee ID, attendanceDate=Date, attendanceType=Type}
12:46:10.520 [main] INFO com.emplmgt.service.ExcelImportService -- Excel parse [092a5725-6f21-4e5c-8971-99c308d01c2b-gap.xlsx]: selected sheet [A], detected header row (1-based) 3, 3 column(s), headers [Employee ID, Date, Type]
12:46:10.520 [main] INFO com.emplmgt.service.ExcelImportService -- Excel preview [importId=7]: date column [Date] parsed using ANY convention
12:46:10.521 [main] INFO com.emplmgt.service.ExcelImportService -- Excel preview [importId=7]: total=1, valid=1, invalid=0, duplicate=0
12:46:10.527 [main] INFO com.emplmgt.service.ExcelImportService -- Excel parse [092a5725-6f21-4e5c-8971-99c308d01c2b-gap.xlsx]: selected sheet [A], detected header row (1-based) 3, 3 column(s), headers [Employee ID, Date, Type]
status=READY total=1 valid=1 invalid=0 duplicate=0
  row#4 status=VALID data={Employee ID=25104925, Date=01-Sep-2025, Type=WFO}
      errors=[]
COMMIT status=IMPORTED total=1 valid=1 imported=1
]]></system-out>
  </testcase>
  <testcase name="e_duplicates" classname="com.emplmgt.service.ExcelImportReproTest" time="0.076">
    <system-out><![CDATA[
=================== E duplicate in file ===================
12:46:10.550 [main] INFO com.emplmgt.service.ExcelImportService -- Excel parse [dupfile.xlsx]: selected sheet [A], detected header row (1-based) 1, 3 column(s), headers [Employee ID, Date, Type]
headers=[Employee ID, Date, Type]
suggestedMapping={Employee ID=employeeCode, Date=attendanceDate, Type=attendanceType}
  col[0] = [Employee ID]
  col[1] = [Date]
  col[2] = [Type]
mapping={employeeCode=Employee ID, attendanceDate=Date, attendanceType=Type}
12:46:10.557 [main] INFO com.emplmgt.service.ExcelImportService -- Excel parse [95bd715e-06c2-4fd1-8452-5acb060b5e23-dupfile.xlsx]: selected sheet [A], detected header row (1-based) 1, 3 column(s), headers [Employee ID, Date, Type]
12:46:10.557 [main] INFO com.emplmgt.service.ExcelImportService -- Excel preview [importId=7]: date column [Date] parsed using ANY convention
12:46:10.561 [main] INFO com.emplmgt.service.ExcelImportService -- Excel preview [importId=7]: total=2, valid=1, invalid=0, duplicate=1
12:46:10.571 [main] INFO com.emplmgt.service.ExcelImportService -- Excel parse [95bd715e-06c2-4fd1-8452-5acb060b5e23-dupfile.xlsx]: selected sheet [A], detected header row (1-based) 1, 3 column(s), headers [Employee ID, Date, Type]
status=READY total=2 valid=1 invalid=0 duplicate=1
  row#2 status=VALID data={Employee ID=25104925, Date=01-Sep-2025, Type=WFO}
      errors=[]
  row#3 status=DUPLICATE data={Employee ID=25104925, Date=01-Sep-2025, Type=WFH}
      errors=[Duplicate row within the file (same employee & date)]
COMMIT status=IMPORTED total=2 valid=1 imported=1

=================== E2 duplicate vs DB ===================
12:46:10.590 [main] INFO com.emplmgt.service.ExcelImportService -- Excel parse [dupdb.xlsx]: selected sheet [A], detected header row (1-based) 1, 3 column(s), headers [Employee ID, Date, Type]
headers=[Employee ID, Date, Type]
suggestedMapping={Employee ID=employeeCode, Date=attendanceDate, Type=attendanceType}
  col[0] = [Employee ID]
  col[1] = [Date]
  col[2] = [Type]
mapping={employeeCode=Employee ID, attendanceDate=Date, attendanceType=Type}
12:46:10.597 [main] INFO com.emplmgt.service.ExcelImportService -- Excel parse [11ac9070-f259-423c-a377-655978b559cb-dupdb.xlsx]: selected sheet [A], detected header row (1-based) 1, 3 column(s), headers [Employee ID, Date, Type]
12:46:10.598 [main] INFO com.emplmgt.service.ExcelImportService -- Excel preview [importId=7]: date column [Date] parsed using ANY convention
12:46:10.598 [main] INFO com.emplmgt.service.ExcelImportService -- Excel preview [importId=7]: total=1, valid=0, invalid=0, duplicate=1
12:46:10.605 [main] INFO com.emplmgt.service.ExcelImportService -- Excel parse [11ac9070-f259-423c-a377-655978b559cb-dupdb.xlsx]: selected sheet [A], detected header row (1-based) 1, 3 column(s), headers [Employee ID, Date, Type]
status=READY total=1 valid=0 invalid=0 duplicate=1
  row#2 status=DUPLICATE data={Employee ID=25104925, Date=01-Sep-2025, Type=WFO}
      errors=[Attendance record already exists for this employee & date]
FAILED -> ApiException: There are no valid rows to import
]]></system-out>
  </testcase>
</testsuite>