<?xml version="1.0" encoding="UTF-8"?>
<testsuite xmlns:xsi="http://www.w3.org/2001/XMLSchema-instance" xsi:noNamespaceSchemaLocation="https://maven.apache.org/surefire/maven-surefire-plugin/xsd/surefire-test-report-3.0.xsd" version="3.0" name="com.emplmgt.service.ExcelImportServiceTest" time="0.837" tests="10" errors="0" skipped="0" failures="0">
  <properties>
[...]
</properties>
  <testcase name="unknownEmployeeCodeGivesStructuredError" classname="com.emplmgt.service.ExcelImportServiceTest" time="0.158">
    <system-out><![CDATA[16:39:30.337 [main] INFO com.emplmgt.service.ExcelImportService -- Excel parse [unknown.xlsx]: selected sheet [Data], detected header row (1-based) 1, 3 column(s), headers [Employee ID, Date, Type]
16:39:30.351 [main] INFO com.emplmgt.service.ExcelImportService -- Excel parse [be2386df-d893-4b16-bdb1-982f16e0d7d1-unknown.xlsx]: selected sheet [Data], detected header row (1-based) 1, 3 column(s), headers [Employee ID, Date, Type]
16:39:30.353 [main] INFO com.emplmgt.service.ExcelImportService -- Excel preview [importId=7]: date column [Date] parsed using ANY convention
16:39:30.358 [main] INFO com.emplmgt.service.ExcelImportService -- Excel preview [importId=7]: total=1, valid=0, invalid=1, duplicate=0
16:39:30.371 [main] INFO com.emplmgt.service.ExcelImportService -- Excel parse [be2386df-d893-4b16-bdb1-982f16e0d7d1-unknown.xlsx]: selected sheet [Data], detected header row (1-based) 1, 3 column(s), headers [Employee ID, Date, Type]
]]></system-out>
  </testcase>
  <testcase name="ignoresCoverSheetAndReadsDataSheet" classname="com.emplmgt.service.ExcelImportServiceTest" time="0.046">
    <system-out><![CDATA[16:39:30.397 [main] INFO com.emplmgt.service.ExcelImportService -- Excel parse [multi.xlsx]: selected sheet [Data], detected header row (1-based) 1, 3 column(s), headers [Employee ID, Date, Type]
16:39:30.407 [main] INFO com.emplmgt.service.ExcelImportService -- Excel parse [d504cb9a-6e4b-4fd9-b2f9-3df8e7e20e67-multi.xlsx]: selected sheet [Data], detected header row (1-based) 1, 3 column(s), headers [Employee ID, Date, Type]
16:39:30.407 [main] INFO com.emplmgt.service.ExcelImportService -- Excel preview [importId=7]: date column [Date] parsed using ANY convention
16:39:30.408 [main] INFO com.emplmgt.service.ExcelImportService -- Excel preview [importId=7]: total=1, valid=1, invalid=0, duplicate=0
16:39:30.420 [main] INFO com.emplmgt.service.ExcelImportService -- Excel parse [d504cb9a-6e4b-4fd9-b2f9-3df8e7e20e67-multi.xlsx]: selected sheet [Data], detected header row (1-based) 1, 3 column(s), headers [Employee ID, Date, Type]
]]></system-out>
  </testcase>
  <testcase name="ddMmConventionIsNotMisread" classname="com.emplmgt.service.ExcelImportServiceTest" time="0.057">
    <system-out><![CDATA[16:39:30.450 [main] INFO com.emplmgt.service.ExcelImportService -- Excel parse [family.xlsx]: selected sheet [Data], detected header row (1-based) 1, 3 column(s), headers [Employee ID, Date, Type]
16:39:30.459 [main] INFO com.emplmgt.service.ExcelImportService -- Excel parse [a848e137-7fd2-4e24-bad7-f214779d02b8-family.xlsx]: selected sheet [Data], detected header row (1-based) 1, 3 column(s), headers [Employee ID, Date, Type]
16:39:30.461 [main] INFO com.emplmgt.service.ExcelImportService -- Excel preview [importId=7]: date column [Date] parsed using DD_MM convention
16:39:30.463 [main] INFO com.emplmgt.service.ExcelImportService -- Excel preview [importId=7]: total=1, valid=1, invalid=0, duplicate=0
16:39:30.476 [main] INFO com.emplmgt.service.ExcelImportService -- Excel parse [a848e137-7fd2-4e24-bad7-f214779d02b8-family.xlsx]: selected sheet [Data], detected header row (1-based) 1, 3 column(s), headers [Employee ID, Date, Type]
]]></system-out>
  </testcase>
  <testcase name="alphanumericEmployeeCodeResolves" classname="com.emplmgt.service.ExcelImportServiceTest" time="0.05">
    <system-out><![CDATA[16:39:30.507 [main] INFO com.emplmgt.service.ExcelImportService -- Excel parse [alpha.xlsx]: selected sheet [Data], detected header row (1-based) 1, 2 column(s), headers [Emp Code, Date]
16:39:30.517 [main] INFO com.emplmgt.service.ExcelImportService -- Excel parse [ee45c1ff-3fba-4b44-8bdc-0aaa1e270e32-alpha.xlsx]: selected sheet [Data], detected header row (1-based) 1, 2 column(s), headers [Emp Code, Date]
16:39:30.517 [main] INFO com.emplmgt.service.ExcelImportService -- Excel preview [importId=7]: date column [Date] parsed using ANY convention
16:39:30.518 [main] INFO com.emplmgt.service.ExcelImportService -- Excel preview [importId=7]: total=1, valid=1, invalid=0, duplicate=0
16:39:30.527 [main] INFO com.emplmgt.service.ExcelImportService -- Excel parse [ee45c1ff-3fba-4b44-8bdc-0aaa1e270e32-alpha.xlsx]: selected sheet [Data], detected header row (1-based) 1, 2 column(s), headers [Emp Code, Date]
]]></system-out>
  </testcase>
  <testcase name="importsRealWorldLongFormatWithTitleRowAndTextDates" classname="com.emplmgt.service.ExcelImportServiceTest" time="0.052">
    <system-out><![CDATA[16:39:30.553 [main] INFO com.emplmgt.service.ExcelImportService -- Excel parse [att.xlsx]: selected sheet [Data], detected header row (1-based) 2, 4 column(s), headers [Employee ID, Employee Name, Date, Type]
16:39:30.565 [main] INFO com.emplmgt.service.ExcelImportService -- Excel parse [21d3b654-dee6-43e3-b169-0236aab97dcf-att.xlsx]: selected sheet [Data], detected header row (1-based) 2, 4 column(s), headers [Employee ID, Employee Name, Date, Type]
16:39:30.565 [main] INFO com.emplmgt.service.ExcelImportService -- Excel preview [importId=7]: date column [Date] parsed using ANY convention
16:39:30.567 [main] INFO com.emplmgt.service.ExcelImportService -- Excel preview [importId=7]: total=3, valid=3, invalid=0, duplicate=0
16:39:30.576 [main] INFO com.emplmgt.service.ExcelImportService -- Excel parse [21d3b654-dee6-43e3-b169-0236aab97dcf-att.xlsx]: selected sheet [Data], detected header row (1-based) 2, 4 column(s), headers [Employee ID, Employee Name, Date, Type]
]]></system-out>
  </testcase>
  <testcase name="parsesCommonTextAndNumericDateFormats" classname="com.emplmgt.service.ExcelImportServiceTest" time="0.272">
    <system-out><![CDATA[16:39:30.605 [main] INFO com.emplmgt.service.ExcelImportService -- Excel parse [d.xlsx]: selected sheet [Data], detected header row (1-based) 1, 3 column(s), headers [Employee ID, Date, Type]
16:39:30.616 [main] INFO com.emplmgt.service.ExcelImportService -- Excel parse [af792ef4-a73d-49b3-b811-811d148aab8b-d.xlsx]: selected sheet [Data], detected header row (1-based) 1, 3 column(s), headers [Employee ID, Date, Type]
16:39:30.616 [main] INFO com.emplmgt.service.ExcelImportService -- Excel preview [importId=7]: date column [Date] parsed using ANY convention
16:39:30.617 [main] INFO com.emplmgt.service.ExcelImportService -- Excel preview [importId=7]: total=1, valid=1, invalid=0, duplicate=0
16:39:30.626 [main] INFO com.emplmgt.service.ExcelImportService -- Excel parse [af792ef4-a73d-49b3-b811-811d148aab8b-d.xlsx]: selected sheet [Data], detected header row (1-based) 1, 3 column(s), headers [Employee ID, Date, Type]
16:39:30.644 [main] INFO com.emplmgt.service.ExcelImportService -- Excel parse [d.xlsx]: selected sheet [Data], detected header row (1-based) 1, 3 column(s), headers [Employee ID, Date, Type]
16:39:30.652 [main] INFO com.emplmgt.service.ExcelImportService -- Excel parse [041495e1-ed77-4757-9b8e-ae9c706afa77-d.xlsx]: selected sheet [Data], detected header row (1-based) 1, 3 column(s), headers [Employee ID, Date, Type]
16:39:30.652 [main] INFO com.emplmgt.service.ExcelImportService -- Excel preview [importId=7]: date column [Date] parsed using ANY convention
16:39:30.652 [main] INFO com.emplmgt.service.ExcelImportService -- Excel preview [importId=7]: total=1, valid=1, invalid=0, duplicate=0
16:39:30.659 [main] INFO com.emplmgt.service.ExcelImportService -- Excel parse [041495e1-ed77-4757-9b8e-ae9c706afa77-d.xlsx]: selected sheet [Data], detected header row (1-based) 1, 3 column(s), headers [Employee ID, Date, Type]
16:39:30.684 [main] INFO com.emplmgt.service.ExcelImportService -- Excel parse [d.xlsx]: selected sheet [Data], detected header row (1-based) 1, 3 column(s), headers [Employee ID, Date, Type]
16:39:30.691 [main] INFO com.emplmgt.service.ExcelImportService -- Excel parse [c1c8e10d-6ece-475d-b700-f7f3d810be0f-d.xlsx]: selected sheet [Data], detected header row (1-based) 1, 3 column(s), headers [Employee ID, Date, Type]
16:39:30.692 [main] INFO com.emplmgt.service.ExcelImportService -- Excel preview [importId=7]: date column [Date] parsed using ANY convention
16:39:30.693 [main] INFO com.emplmgt.service.ExcelImportService -- Excel preview [importId=7]: total=1, valid=1, invalid=0, duplicate=0
16:39:30.700 [main] INFO com.emplmgt.service.ExcelImportService -- Excel parse [c1c8e10d-6ece-475d-b700-f7f3d810be0f-d.xlsx]: selected sheet [Data], detected header row (1-based) 1, 3 column(s), headers [Employee ID, Date, Type]
16:39:30.718 [main] INFO com.emplmgt.service.ExcelImportService -- Excel parse [d.xlsx]: selected sheet [Data], detected header row (1-based) 1, 3 column(s), headers [Employee ID, Date, Type]
16:39:30.724 [main] INFO com.emplmgt.service.ExcelImportService -- Excel parse [d398b9fb-6cdc-4c18-a92b-decea60aa1da-d.xlsx]: selected sheet [Data], detected header row (1-based) 1, 3 column(s), headers [Employee ID, Date, Type]
16:39:30.724 [main] INFO com.emplmgt.service.ExcelImportService -- Excel preview [importId=7]: date column [Date] parsed using DD_MM convention
16:39:30.725 [main] INFO com.emplmgt.service.ExcelImportService -- Excel preview [importId=7]: total=1, valid=1, invalid=0, duplicate=0
16:39:30.733 [main] INFO com.emplmgt.service.ExcelImportService -- Excel parse [d398b9fb-6cdc-4c18-a92b-decea60aa1da-d.xlsx]: selected sheet [Data], detected header row (1-based) 1, 3 column(s), headers [Employee ID, Date, Type]
16:39:30.748 [main] INFO com.emplmgt.service.ExcelImportService -- Excel parse [d.xlsx]: selected sheet [Data], detected header row (1-based) 1, 3 column(s), headers [Employee ID, Date, Type]
16:39:30.756 [main] INFO com.emplmgt.service.ExcelImportService -- Excel parse [b9ae8c4a-8c45-45bc-8406-a29ce63fc260-d.xlsx]: selected sheet [Data], detected header row (1-based) 1, 3 column(s), headers [Employee ID, Date, Type]
16:39:30.756 [main] INFO com.emplmgt.service.ExcelImportService -- Excel preview [importId=7]: date column [Date] parsed using DD_MM convention
16:39:30.757 [main] INFO com.emplmgt.service.ExcelImportService -- Excel preview [importId=7]: total=1, valid=1, invalid=0, duplicate=0
16:39:30.763 [main] INFO com.emplmgt.service.ExcelImportService -- Excel parse [b9ae8c4a-8c45-45bc-8406-a29ce63fc260-d.xlsx]: selected sheet [Data], detected header row (1-based) 1, 3 column(s), headers [Employee ID, Date, Type]
16:39:30.777 [main] INFO com.emplmgt.service.ExcelImportService -- Excel parse [d.xlsx]: selected sheet [Data], detected header row (1-based) 1, 3 column(s), headers [Employee ID, Date, Type]
16:39:30.784 [main] INFO com.emplmgt.service.ExcelImportService -- Excel parse [a897d662-390c-411f-bc53-afe2b140c98c-d.xlsx]: selected sheet [Data], detected header row (1-based) 1, 3 column(s), headers [Employee ID, Date, Type]
16:39:30.784 [main] INFO com.emplmgt.service.ExcelImportService -- Excel preview [importId=7]: date column [Date] parsed using DD_MM convention
16:39:30.785 [main] INFO com.emplmgt.service.ExcelImportService -- Excel preview [importId=7]: total=1, valid=1, invalid=0, duplicate=0
16:39:30.793 [main] INFO com.emplmgt.service.ExcelImportService -- Excel parse [a897d662-390c-411f-bc53-afe2b140c98c-d.xlsx]: selected sheet [Data], detected header row (1-based) 1, 3 column(s), headers [Employee ID, Date, Type]
16:39:30.808 [main] INFO com.emplmgt.service.ExcelImportService -- Excel parse [d.xlsx]: selected sheet [Data], detected header row (1-based) 1, 3 column(s), headers [Employee ID, Date, Type]
16:39:30.815 [main] INFO com.emplmgt.service.ExcelImportService -- Excel parse [6983416a-fd1a-4564-b18d-b3cddffc7046-d.xlsx]: selected sheet [Data], detected header row (1-based) 1, 3 column(s), headers [Employee ID, Date, Type]
16:39:30.815 [main] INFO com.emplmgt.service.ExcelImportService -- Excel preview [importId=7]: date column [Date] parsed using ANY convention
16:39:30.816 [main] INFO com.emplmgt.service.ExcelImportService -- Excel preview [importId=7]: total=1, valid=1, invalid=0, duplicate=0
16:39:30.822 [main] INFO com.emplmgt.service.ExcelImportService -- Excel parse [6983416a-fd1a-4564-b18d-b3cddffc7046-d.xlsx]: selected sheet [Data], detected header row (1-based) 1, 3 column(s), headers [Employee ID, Date, Type]
16:39:30.838 [main] INFO com.emplmgt.service.ExcelImportService -- Excel parse [d.xlsx]: selected sheet [Data], detected header row (1-based) 1, 3 column(s), headers [Employee ID, Date, Type]
16:39:30.845 [main] INFO com.emplmgt.service.ExcelImportService -- Excel parse [21b6df86-ea93-4546-87b6-9cd45a97ec5a-d.xlsx]: selected sheet [Data], detected header row (1-based) 1, 3 column(s), headers [Employee ID, Date, Type]
16:39:30.846 [main] INFO com.emplmgt.service.ExcelImportService -- Excel preview [importId=7]: date column [Date] parsed using ANY convention
16:39:30.846 [main] INFO com.emplmgt.service.ExcelImportService -- Excel preview [importId=7]: total=1, valid=1, invalid=0, duplicate=0
16:39:30.852 [main] INFO com.emplmgt.service.ExcelImportService -- Excel parse [21b6df86-ea93-4546-87b6-9cd45a97ec5a-d.xlsx]: selected sheet [Data], detected header row (1-based) 1, 3 column(s), headers [Employee ID, Date, Type]
]]></system-out>
  </testcase>
  <testcase name="duplicateInFileAndDuplicateInDbAreFlagged" classname="com.emplmgt.service.ExcelImportServiceTest" time="0.062">
    <system-out><![CDATA[16:39:30.870 [main] INFO com.emplmgt.service.ExcelImportService -- Excel parse [dupfile.xlsx]: selected sheet [Data], detected header row (1-based) 1, 3 column(s), headers [Employee ID, Date, Type]
16:39:30.876 [main] INFO com.emplmgt.service.ExcelImportService -- Excel parse [23666bc1-754f-4da9-8a3a-5069e202c617-dupfile.xlsx]: selected sheet [Data], detected header row (1-based) 1, 3 column(s), headers [Employee ID, Date, Type]
16:39:30.877 [main] INFO com.emplmgt.service.ExcelImportService -- Excel preview [importId=7]: date column [Date] parsed using ANY convention
16:39:30.878 [main] INFO com.emplmgt.service.ExcelImportService -- Excel preview [importId=7]: total=2, valid=1, invalid=0, duplicate=1
16:39:30.886 [main] INFO com.emplmgt.service.ExcelImportService -- Excel parse [23666bc1-754f-4da9-8a3a-5069e202c617-dupfile.xlsx]: selected sheet [Data], detected header row (1-based) 1, 3 column(s), headers [Employee ID, Date, Type]
16:39:30.902 [main] INFO com.emplmgt.service.ExcelImportService -- Excel parse [dupdb.xlsx]: selected sheet [Data], detected header row (1-based) 1, 3 column(s), headers [Employee ID, Date, Type]
16:39:30.908 [main] INFO com.emplmgt.service.ExcelImportService -- Excel parse [a75cf399-a84b-4246-a815-b52aef01dd43-dupdb.xlsx]: selected sheet [Data], detected header row (1-based) 1, 3 column(s), headers [Employee ID, Date, Type]
16:39:30.909 [main] INFO com.emplmgt.service.ExcelImportService -- Excel preview [importId=7]: date column [Date] parsed using ANY convention
16:39:30.909 [main] INFO com.emplmgt.service.ExcelImportService -- Excel preview [importId=7]: total=1, valid=0, invalid=0, duplicate=1
16:39:30.915 [main] INFO com.emplmgt.service.ExcelImportService -- Excel parse [a75cf399-a84b-4246-a815-b52aef01dd43-dupdb.xlsx]: selected sheet [Data], detected header row (1-based) 1, 3 column(s), headers [Employee ID, Date, Type]
]]></system-out>
  </testcase>
  <testcase name="footerRowsAreReportedNotSilentlySkipped" classname="com.emplmgt.service.ExcelImportServiceTest" time="0.05">
    <system-out><![CDATA[16:39:30.930 [main] INFO com.emplmgt.service.ExcelImportService -- Excel parse [footer.xlsx]: selected sheet [Data], detected header row (1-based) 1, 3 column(s), headers [Employee ID, Date, Type]
16:39:30.938 [main] INFO com.emplmgt.service.ExcelImportService -- Excel parse [facefa2f-fd70-4c4b-b7d0-8e34042926d7-footer.xlsx]: selected sheet [Data], detected header row (1-based) 1, 3 column(s), headers [Employee ID, Date, Type]
16:39:30.938 [main] INFO com.emplmgt.service.ExcelImportService -- Excel preview [importId=7]: date column [Date] parsed using ANY convention
16:39:30.940 [main] INFO com.emplmgt.service.ExcelImportService -- Excel preview [importId=7]: total=2, valid=1, invalid=1, duplicate=0
16:39:30.948 [main] INFO com.emplmgt.service.ExcelImportService -- Excel parse [facefa2f-fd70-4c4b-b7d0-8e34042926d7-footer.xlsx]: selected sheet [Data], detected header row (1-based) 1, 3 column(s), headers [Employee ID, Date, Type]
]]></system-out>
  </testcase>
  <testcase name="commitWithNoValidRowsIsRejected" classname="com.emplmgt.service.ExcelImportServiceTest" time="0.044">
    <system-out><![CDATA[16:39:30.986 [main] INFO com.emplmgt.service.ExcelImportService -- Excel parse [none.xlsx]: selected sheet [Data], detected header row (1-based) 1, 3 column(s), headers [Employee ID, Date, Type]
16:39:30.994 [main] INFO com.emplmgt.service.ExcelImportService -- Excel parse [b7fafe36-e41c-4d5b-8dfb-4a107c0b87df-none.xlsx]: selected sheet [Data], detected header row (1-based) 1, 3 column(s), headers [Employee ID, Date, Type]
16:39:30.994 [main] INFO com.emplmgt.service.ExcelImportService -- Excel preview [importId=7]: date column [Date] parsed using ANY convention
16:39:30.997 [main] INFO com.emplmgt.service.ExcelImportService -- Excel preview [importId=7]: total=1, valid=0, invalid=1, duplicate=0
16:39:31.009 [main] INFO com.emplmgt.service.ExcelImportService -- Excel parse [b7fafe36-e41c-4d5b-8dfb-4a107c0b87df-none.xlsx]: selected sheet [Data], detected header row (1-based) 1, 3 column(s), headers [Employee ID, Date, Type]
]]></system-out>
  </testcase>
  <testcase name="reportsUnrecognisedDateFormatAsInvalid" classname="com.emplmgt.service.ExcelImportServiceTest" time="0.043">
    <system-out><![CDATA[16:39:31.029 [main] INFO com.emplmgt.service.ExcelImportService -- Excel parse [bad.xlsx]: selected sheet [Data], detected header row (1-based) 1, 3 column(s), headers [Employee ID, Date, Type]
16:39:31.042 [main] INFO com.emplmgt.service.ExcelImportService -- Excel parse [fd1903c6-bc19-407e-a7f8-9c5e8ade2f7e-bad.xlsx]: selected sheet [Data], detected header row (1-based) 1, 3 column(s), headers [Employee ID, Date, Type]
16:39:31.042 [main] INFO com.emplmgt.service.ExcelImportService -- Excel preview [importId=7]: date column [Date] parsed using ANY convention
16:39:31.044 [main] INFO com.emplmgt.service.ExcelImportService -- Excel preview [importId=7]: total=1, valid=0, invalid=1, duplicate=0
16:39:31.053 [main] INFO com.emplmgt.service.ExcelImportService -- Excel parse [fd1903c6-bc19-407e-a7f8-9c5e8ade2f7e-bad.xlsx]: selected sheet [Data], detected header row (1-based) 1, 3 column(s), headers [Employee ID, Date, Type]
]]></system-out>
  </testcase>
</testsuite>